<?xml version="1.0" encoding="UTF-8"?>
<coverage generated="1771357157512" clover="3.2.0">
  <project timestamp="1771357157512" name="All files">
    <metrics statements="22" coveredstatements="21" conditionals="15" coveredconditionals="14" methods="4" coveredmethods="4" elements="41" coveredelements="39" complexity="0" loc="22" ncloc="22" packages="1" files="1" classes="1"/>
    <file name="index.js" path="C:\Users\Buklya\Desktop\frontend-project-46-main\src\index.js">
      <metrics statements="22" coveredstatements="21" conditionals="15" coveredconditionals="14" methods="4" coveredmethods="4"/>
      <line num="5" count="1" type="stmt"/>
      <line num="6" count="2" type="stmt"/>
      <line num="7" count="2" type="stmt"/>
      <line num="8" count="2" type="stmt"/>
      <line num="9" count="2" type="cond" truecount="1" falsecount="1"/>
      <line num="10" count="2" type="stmt"/>
      <line num="12" count="0" type="stmt"/>
      <line num="15" count="1" type="stmt"/>
      <line num="16" count="1" type="stmt"/>
      <line num="17" count="1" type="stmt"/>
      <line num="20" count="1" type="stmt"/>
      <line num="24" count="1" type="stmt"/>
      <line num="25" count="5" type="stmt"/>
      <line num="26" count="5" type="stmt"/>
      <line num="29" count="5" type="cond" truecount="4" falsecount="0"/>
      <line num="30" count="2" type="stmt"/>
      <line num="34" count="3" type="cond" truecount="4" falsecount="0"/>
      <line num="35" count="1" type="stmt"/>
      <line num="39" count="2" type="cond" truecount="5" falsecount="0"/>
      <line num="44" count="1" type="stmt"/>
      <line num="51" count="1" type="stmt"/>
      <line num="56" count="6" type="stmt"/>
    </file>
  </project>
</coverage>
