{"C:\\Users\\Buklya\\Desktop\\frontend-project-46-main\\src\\index.js": {"path":"C:\\Users\\Buklya\\Desktop\\frontend-project-46-main\\src\\index.js","statementMap":{"0":{"start":{"line":5,"column":18},"end":{"line":13,"column":1}},"1":{"start":{"line":6,"column":23},"end":{"line":6,"column":55}},"2":{"start":{"line":7,"column":20},"end":{"line":7,"column":51}},"3":{"start":{"line":8,"column":18},"end":{"line":8,"column":53}},"4":{"start":{"line":9,"column":2},"end":{"line":11,"column":3}},"5":{"start":{"line":10,"column":4},"end":{"line":10,"column":31}},"6":{"start":{"line":12,"column":2},"end":{"line":12,"column":12}},"7":{"start":{"line":15,"column":16},"end":{"line":57,"column":1}},"8":{"start":{"line":16,"column":15},"end":{"line":16,"column":31}},"9":{"start":{"line":17,"column":15},"end":{"line":17,"column":31}},"10":{"start":{"line":20,"column":18},"end":{"line":20,"column":58}},"11":{"start":{"line":24,"column":16},"end":{"line":52,"column":4}},"12":{"start":{"line":25,"column":16},"end":{"line":25,"column":40}},"13":{"start":{"line":26,"column":16},"end":{"line":26,"column":40}},"14":{"start":{"line":29,"column":4},"end":{"line":31,"column":5}},"15":{"start":{"line":30,"column":6},"end":{"line":30,"column":38}},"16":{"start":{"line":34,"column":4},"end":{"line":36,"column":5}},"17":{"start":{"line":35,"column":6},"end":{"line":35,"column":38}},"18":{"start":{"line":39,"column":4},"end":{"line":48,"column":5}},"19":{"start":{"line":44,"column":6},"end":{"line":47,"column":8}},"20":{"start":{"line":51,"column":4},"end":{"line":51,"column":36}},"21":{"start":{"line":56,"column":2},"end":{"line":56,"column":58}},"22":{"start":{"line":56,"column":32},"end":{"line":56,"column":40}}},"fnMap":{"0":{"name":"(anonymous_0)","decl":{"start":{"line":5,"column":18},"end":{"line":5,"column":19}},"loc":{"start":{"line":5,"column":32},"end":{"line":13,"column":1}},"line":5},"1":{"name":"(anonymous_1)","decl":{"start":{"line":15,"column":16},"end":{"line":15,"column":17}},"loc":{"start":{"line":15,"column":34},"end":{"line":57,"column":1}},"line":15},"2":{"name":"(anonymous_2)","decl":{"start":{"line":24,"column":32},"end":{"line":24,"column":33}},"loc":{"start":{"line":24,"column":41},"end":{"line":52,"column":3}},"line":24},"3":{"name":"(anonymous_3)","decl":{"start":{"line":56,"column":25},"end":{"line":56,"column":26}},"loc":{"start":{"line":56,"column":32},"end":{"line":56,"column":40}},"line":56}},"branchMap":{"0":{"loc":{"start":{"line":9,"column":2},"end":{"line":11,"column":3}},"type":"if","locations":[{"start":{"line":9,"column":2},"end":{"line":11,"column":3}},{"start":{},"end":{}}],"line":9},"1":{"loc":{"start":{"line":29,"column":4},"end":{"line":31,"column":5}},"type":"if","locations":[{"start":{"line":29,"column":4},"end":{"line":31,"column":5}},{"start":{},"end":{}}],"line":29},"2":{"loc":{"start":{"line":29,"column":8},"end":{"line":29,"column":19}},"type":"binary-expr","locations":[{"start":{"line":29,"column":8},"end":{"line":29,"column":11}},{"start":{"line":29,"column":15},"end":{"line":29,"column":19}}],"line":29},"3":{"loc":{"start":{"line":34,"column":4},"end":{"line":36,"column":5}},"type":"if","locations":[{"start":{"line":34,"column":4},"end":{"line":36,"column":5}},{"start":{},"end":{}}],"line":34},"4":{"loc":{"start":{"line":34,"column":8},"end":{"line":34,"column":19}},"type":"binary-expr","locations":[{"start":{"line":34,"column":8},"end":{"line":34,"column":12}},{"start":{"line":34,"column":16},"end":{"line":34,"column":19}}],"line":34},"5":{"loc":{"start":{"line":39,"column":4},"end":{"line":48,"column":5}},"type":"if","locations":[{"start":{"line":39,"column":4},"end":{"line":48,"column":5}},{"start":{},"end":{}}],"line":39},"6":{"loc":{"start":{"line":39,"column":8},"end":{"line":39,"column":45}},"type":"binary-expr","locations":[{"start":{"line":39,"column":8},"end":{"line":39,"column":11}},{"start":{"line":39,"column":15},"end":{"line":39,"column":18}},{"start":{"line":39,"column":22},"end":{"line":39,"column":45}}],"line":39}},"s":{"0":1,"1":2,"2":2,"3":2,"4":2,"5":2,"6":0,"7":1,"8":1,"9":1,"10":1,"11":1,"12":5,"13":5,"14":5,"15":2,"16":3,"17":1,"18":2,"19":1,"20":1,"21":1,"22":6},"f":{"0":2,"1":1,"2":5,"3":6},"b":{"0":[2,0],"1":[2,3],"2":[5,4],"3":[1,2],"4":[3,1],"5":[1,1],"6":[2,2,2]},"inputSourceMap":null,"_coverageSchema":"1a1c01bbd47fc00a2c39e90264f33305004495a9","hash":"e3fad93d59447dade709e2a641d0d1595b6a7e62"}
}
