TN:
SF:src\index.js
FN:5,(anonymous_0)
FN:15,(anonymous_1)
FN:24,(anonymous_2)
FN:56,(anonymous_3)
FNF:4
FNH:4
FNDA:2,(anonymous_0)
FNDA:1,(anonymous_1)
FNDA:5,(anonymous_2)
FNDA:6,(anonymous_3)
DA:5,1
DA:6,2
DA:7,2
DA:8,2
DA:9,2
DA:10,2
DA:12,0
DA:15,1
DA:16,1
DA:17,1
DA:20,1
DA:24,1
DA:25,5
DA:26,5
DA:29,5
DA:30,2
DA:34,3
DA:35,1
DA:39,2
DA:44,1
DA:51,1
DA:56,6
LF:22
LH:21
BRDA:9,0,0,2
BRDA:9,0,1,0
BRDA:29,1,0,2
BRDA:29,1,1,3
BRDA:29,2,0,5
BRDA:29,2,1,4
BRDA:34,3,0,1
BRDA:34,3,1,2
BRDA:34,4,0,3
BRDA:34,4,1,1
BRDA:39,5,0,1
BRDA:39,5,1,1
BRDA:39,6,0,2
BRDA:39,6,1,2
BRDA:39,6,2,2
BRF:15
BRH:14
end_of_record
